
CAN,919662924,1,0C206001,FFB0FFACFFB1FFA6
CAN,919663394,1,0C206002,FFB1FFA7FFA1FF98
CAN,919663861,1,0C206003,FF9EFF95FF99FF8B
CAN,919664331,1,0C206004,FF94FF8EFF95FF86
CAN,919668561,1,0C201000,0121000000000000
CAN,919669007,1,0C206005,FF99FF8AFF9DFF89
CAN,919669467,1,0C206006,FF9CFF8FFF97FF86
CAN,919669928,1,0C206007,FF9DFF8CFF9DFF8A
CAN,919670390,1,0C206008,FFA0FF92FFABFF95
CAN,919674503,1,0C206009,FFA7FFA2FFA1FFA4
CAN,919674797,1,0C001000,013E000000000000
CAN,919675071,1,0C20600A,FFB0FFA3FF90FF8F
CAN,919675538,1,0C20600B,FF96FF8CFF89FF88
CAN,919676009,1,0C20600C,FF8BFF87FF82FF83
CAN,919680224,1,0C201000,011D000000000000
CAN,919680660,1,0C20600D,FF8FFF81FF8EFF97
CAN,919681122,1,0C20600E,FF99FF89FF89FF85
CAN,919681580,1,0C20600F,FF94FF86FF8FFF86
CAN,919682047,1,0C206010,FF98FF8BFF99FF90
CAN,919686172,1,0C206011,FFABFFA8FFAFFFA9
CAN,919686632,1,0C206012,FFB6FFA7FF9BFF8F
CAN,919687091,1,0C206013,FF97FF8FFF98FF89
CAN,919687554,1,0C206014,FF97FF88FF8FFF81
CAN,919691780,1,0C201000,0115000000000000
CAN,919692230,1,0C206015,FF90FF82FFA0FFA0
CAN,919692691,1,0C206016,FFA3FF92FF90FF7C
CAN,919693143,1,0C206017,FF93FF86FF96FF84
CAN,919693615,1,0C206018,FF9DFF8CFFA1FF89
CAN,919697745,1,0C206019,FFA2FF9EFF9BFFA9
CAN,919698206,1,0C20601A,FFAFFF99FF8DFF8A
CAN,919698682,1,0C20601B,FF90FF85FF87FF8B
CAN,919699143,1,0C20601C,FF8EFF85FF7CFF80
CAN,919703344,1,0C201000,0110000000000000
CAN,919703778,1,0C20601D,FF85FF7CFF87FF93
CAN,919704244,1,0C20601E,FF9BFF82FF81FF7A
CAN,919704701,1,0C20601F,FF8CFF7DFF88FF81
CAN,919705169,1,0C206020,FF93FF85FF94FF86
CAN,919709293,1,0C206021,FFACFFA4FFA2FF95
CAN,919709752,1,0C206022,FF9FFF93FF96FF8A
CAN,919710212,1,0C206023,FF98FF91FF9EFF8D
CAN,919710672,1,0C206024,FF9FFF89FF96FF81
CAN,919714906,1,0C201000,010C000000000000
CAN,919715353,1,0C206025,FF9BFF82FF8EFF7C
CAN,919715804,1,0C206026,FF8EFF7BFF88FF73
CAN,919716266,1,0C206027,FF90FF81FF92FF81
CAN,919717474,1,0C206028,FF99FF88FF9DFF82
CAN,919724232,1,0C206029,FFA0FF98FF90FF91
CAN,919724690,1,0C001000,013F000000000000
CAN,919724969,1,0C20602A,FF91FF8CFF83FF8A
CAN,919725591,1,0C101000,0125000000000000
CAN,919726828,1,0C20602B,FF8FFF8CFF90FF9F
CAN,919729948,1,0C20602C,FF92FF94FF87FF8B
CAN,919779641,1,0C201000,0106000000000000
CAN,919779653,1,0C20602D,FF8FFF82FF7EFF7C
CAN,919779665,1,0C20602E,FF85FF74FF76FF74
CAN,919779678,1,0C20603B,FF94FF8CFFD7FFF9
CAN,919780013,1,0C20603C,019900BA00F5FFC5
EGT,919781336,15.44
CAN,919786751,1,0C201000,00FC000000000000
CAN,919787193,1,0C20603D,FFBDFF92FF93FF84
CAN,919787663,1,0C20603E,FF8DFF7AFF7AFF70
CAN,919789235,1,0C20603F,FF88FF75FF80FF7A
CAN,919792357,1,0C206040,FF8DFF7FFF8DFF7E
CAN,919799232,1,0C201000,00FA000000000000
CAN,919799669,1,0C206041,FFA3FF9DFF9AFF8D
CAN,919800126,1,0C206042,FF91FF8BFF8CFF85
CAN,919801711,1,0C206043,FF96FF99FFBDFFF2
CAN,919804835,1,0C206044,02C3089D063407C3
CAN,919811710,1,0C201000,00F8000000000000
CAN,919812152,1,0C206045,00360084FFAAFF9D
CAN,919812609,1,0C206046,FF99FF8DFF8BFF76
CAN,919814192,1,0C206047,FF8CFF7CFF89FF7C
CAN,919817316,1,0C206048,FF92FF84FF95FF83
CAN,919824193,1,0C201000,00F6000000000000
CAN,919824625,1,0C206049,FF9AFF8EFF88FF87
CAN,919824925,1,0C001000,013E000000000000
CAN,919825204,1,0C20604A,FF8AFF81FF7BFF7D
CAN,919826675,1,0C20604B,FF8DFF86FFA5FFBA
CAN,919827061,1,0C101000,0125000000000000
CAN,919829787,1,0C20604C,04560745112F0999
CAN,919836672,1,0C201000,00F2000000000000
CAN,919837124,1,0C20604D,05840110FFDFFF9D
CAN,919837576,1,0C20604E,FF9AFF83FF80FF75
CAN,919839158,1,0C20604F,FF86FF73FF7AFF76
CAN,919842280,1,0C206050,FF89FF79FF86FF7E
CAN,919849143,1,0C201000,00F1000000000000
CAN,919849573,1,0C206051,FF9DFF99FF97FF8E
CAN,919850043,1,0C206052,FF9AFF9EFF95FF87
CAN,919851635,1,0C206053,FF91FF8EFFA2FFAD
CAN,919854752,1,0C206054,013803161190148C
CAN,919861637,1,0C201000,00EE000000000000
CAN,919862073,1,0C206055,0C570A5A0109007D
CAN,919862530,1,0C206056,FFACFF9FFF92FF82
CAN,919864122,1,0C206057,FF90FF82FF8AFF78
CAN,919867243,1,0C206058,FF91FF85FF97FF7F
CAN,919913496,1,0C201000,00EC000000000000
CAN,919913508,1,0C206059,FF8DFF88FF7EFF81
CAN,919913521,1,0C001000,013F000000000000
CAN,919913533,1,0C206066,00D0009EFFACFFA9
CAN,919914015,1,0C206067,FFACFF9AFF91FF81
EGT,919915188,15.44
CAN,919917159,1,0C206068,FF92FF86FF9AFF80
CAN,919924032,1,0C201000,00E5000000000000
CAN,919924473,1,0C206069,FF84FF7FFF77FF79
CAN,919924773,1,0C001000,013E000000000000
CAN,919925056,1,0C20606A,FF7FFF7BFF6EFF70
CAN,919926520,1,0C20606B,FF78FF73FF7EFF87
CAN,919928518,1,0C101000,0122000000000000
CAN,919929639,1,0C20606C,FFA9FFB901390679
CAN,919936515,1,0C201000,00E2000000000000
CAN,919936950,1,0C20606D,08840C6B0A550695
CAN,919937416,1,0C20606E,036400DEFFE2FFA9
CAN,919939004,1,0C20606F,FFB6FF93FF87FF7D
CAN,919942122,1,0C206070,FF8EFF7FFF8CFF7B
CAN,919949000,1,0C201000,00E0000000000000
CAN,919949435,1,0C206071,FF90FF8FFF88FF7F
CAN,919949897,1,0C206072,FF80FF7CFF79FF71
CAN,919951486,1,0C206073,FF7EFF7AFF8BFF7E
CAN,919954604,1,0C206074,FF9AFF9A0007FFD0
CAN,919961480,1,0C201000,00DE000000000000
CAN,919961922,1,0C206075,051A05430AAC0CC2
CAN,919962382,1,0C206076,06950610009E0070
CAN,919963967,1,0C206077,FFD6FFC6FFA2FF91
CAN,919967088,1,0C206078,FF9BFF8FFF9AFF88
CAN,919973967,1,0C201000,00DD000000000000
CAN,919974407,1,0C206079,FF84FF7CFF74FF74
CAN,919975012,1,0C001000,013E000000000000
CAN,919975025,1,0C20607A,FF72FF6BFF64FF68
CAN,919976438,1,0C20607B,FF70FF6CFF70FF76
CAN,919979575,1,0C20607C,FF80FF83FF90FFD3
CAN,919986440,1,0C201000,00DA000000000000
CAN,919986885,1,0C20607D,00FD047809810BA4
CAN,919987336,1,0C20607E,0B3206B702670096
CAN,919988927,1,0C20607F,0003FFBCFFA7FF90
CAN,919992044,1,0C206080,FF9AFF84FF8EFF83
CAN,919998920,1,0C201000,00D8000000000000
CAN,919999360,1,0C206081,FF94FF93FF88FF81
CAN,919999820,1,0C206082,FF82FF7CFF78FF72
CAN,920001407,1,0C206083,FF7DFF75FF7EFF72
CAN,920047348,1,0C206084,FF89FF7EFF8CFF7F
CAN,920047361,1,0C201000,00D6000000000000
CAN,920047378,1,0C206085,FFFDFFF105C10686
CAN,920047391,1,0C206090,FFBAFF99FF9DFF8B
EGT,920049032,15.50
CAN,920049046,1,0C201000,00D1000000000000
CAN,920049265,1,0C206091,FF8FFF92FF85FF84
CAN,920049829,1,0C206092,FF7FFF7EFF76FF6F
CAN,920051326,1,0C206093,FF77FF76FF77FF6C
CAN,920054452,1,0C206094,FF7CFF73FF82FF76
CAN,920061319,1,0C201000,00D1000000000000
CAN,920061761,1,0C206095,FF93FF86004B0034
CAN,920062208,1,0C206096,04EF042B071E0619
CAN,920063812,1,0C206097,025B017400200003
CAN,920066938,1,0C206098,FFD3FFC7FFBAFFA6
CAN,920073814,1,0C201000,00CF000000000000
CAN,920074256,1,0C206099,FF81FF7FFF6FFF76
CAN,920074719,1,0C001000,013E000000000000
CAN,920074989,1,0C20609A,FF72FF6AFF62FF67
CAN,920076290,1,0C20609B,FF67FF63FF5FFF61
CAN,920079409,1,0C20609C,FF6AFF67FF69FF70
CAN,920086296,1,0C201000,00CD000000000000
CAN,920086736,1,0C20609D,FF7DFF7BFF95002F
CAN,920087204,1,0C20609E,012903E1041705F0
CAN,920088777,1,0C20609F,025B018E00410007
CAN,920091893,1,0C2060A0,FFDBFFBDFFB3FFA4
CAN,920098774,1,0C201000,00CA000000000000
CAN,920099211,1,0C2060A1,FF8FFF95FF89FF83
CAN,920099683,1,0C2060A2,FF83FF81FF7DFF74
CAN,920101249,1,0C2060A3,FF75FF74FF76FF6D
CAN,920104381,1,0C2060A4,FF78FF77FF81FF70
CAN,920111237,1,0C201000,00C9000000000000
CAN,920111663,1,0C2060A5,FF8AFF80FFA5FF92
CAN,920112123,1,0C2060A6,004B002702200162
CAN,920113737,1,0C2060A7,01F300DA00780082
CAN,920116857,1,0C2060A8,000BFFF1FFCFFFBA
CAN,920123725,1,0C201000,00C9000000000000
CAN,920124162,1,0C2060A9,FF7EFF80FF72FF76
CAN,920124619,1,0C2060AA,FF73FF6EFF65FF67
CAN,920124914,1,0C001000,013E000000000000
CAN,920126209,1,0C2060AB,FF67FF61FF5DFF65
CAN,920129330,1,0C2060AC,FF67FF66FF67FF6A
CAN,920131492,1,0C101000,0124000000000000
CAN,920136213,1,0C201000,00C6000000000000
CAN,920136644,1,0C2060AD,FF76FF70FF78FF91
CAN,920137106,1,0C2060AE,FFBD00210060015E
CAN,920181203,1,0C2060AF,00C800E400750087
CAN,920181215,1,0C2060B0,004AFFEEFFC7FFBB
CAN,920181228,1,0C201000,00C4000000000000
CAN,920181240,1,0C2060BC,FF63FF5CFF5AFF61
ACC,920182744,3416,-128832,1010648
GYR,920183724,-1515,-585,312
MSG,920183866,No EGT AMP
CAN,920186132,1,0C201000,00C1000000000000
CAN,920186572,1,0C2060BD,FF6BFF68FF6CFF74
CAN,920187034,1,0C2060BE,FF8FFFA7FFB8FFF6
CAN,920188616,1,0C2060BF,0084008700A3009A
CAN,920191741,1,0C2060C0,0038000CFFD5FFC7
MSG,920194502,ANR
CAN,920198614,1,0C201000,00C0000000000000
CAN,920199051,1,0C2060C1,4E68197C7FFF197C
CAN,920199508,1,0C2060C2,7FFF197B7FFF197B
CAN,920201090,1,0C2060C3,FFC2CDB1186FD72C
CAN,920204227,1,0C2060C4,FFF9000BFFFEFFFD
CAN,920211092,1,0C201000,00BF000000000000
CAN,920211532,1,0C2060C5,184703CF02577FFF
CAN,920212012,1,0C2060C6,184603CF02577FFF
CAN,920213588,1,0C2060C7,0001000100010001
CAN,920216710,1,0C2060C8,0001000100010001
CAN,920223568,1,0C201000,00BE000000000000
CAN,920224008,1,0C2060C9,065F7FFF197C7FFF
CAN,920224465,1,0C2060CA,197C7FFF197B7FFF
CAN,920224765,1,0C001000,013E000000000000
CAN,920226052,1,0C2060CB,FFC3F508CF7CD7BA
CAN,920229189,1,0C2060CC,000AFFFDFFFBFFFE
CAN,920232922,1,0C101000,0124000000000000
CAN,920236056,1,0C201000,00BC000000000000
CAN,920236502,1,0C2060CD,00EA003E274C0041
CAN,920236974,1,0C2060CE,00EA003E274C0041
CAN,920238554,1,0C2060CF,0001000100010001
CAN,920241671,1,0C2060D0,0001000100010001
CAN,920246112,1,0C2060D1,19010009274C0041
CAN,920247901,1,0C2060D2,00EA003E274C0041
CAN,920251031,1,0C2060D3,0001000100010001
CAN,920254150,1,0C2060D4,0001000100010001
CAN,920258452,1,0C207000,A501000000000000
CAN,920258879,1,0C208000,00FF000000000CCD
CAN,920259458,1,0C201000,00BC000000000000
CAN,920270018,1,0C201000,00BF000000000000
CAN,920319224,1,0C001000,013F000000000000
CAN,920319236,1,0C201000,00BF000000000000
CAN,920319249,1,0C201000,00C0000000000000
CAN,920319262,1,0C201000,00C3000000000000
EGT,920320903,15.44
CAN,920322797,1,0C201000,00C6000000000000
CAN,920324724,1,0C001000,013E000000000000
CAN,920333338,1,0C201000,00C7000000000000
CAN,920334420,1,0C101000,0120000000000000
CAN,920343883,1,0C201000,00C9000000000000
CAN,920354435,1,0C201000,00CA000000000000
CAN,920364975,1,0C201000,00CC000000000000
CAN,920374721,1,0C001000,013E000000000000
CAN,920375516,1,0C201000,00CB000000000000
CAN,920386083,1,0C201000,00CD000000000000
CAN,920396640,1,0C201000,00CF000000000000
CAN,920407178,1,0C201000,00D0000000000000
CAN,920457245,1,0C201000,00D1000000000000
CAN,920457257,1,0C001000,013E000000000000
CAN,920457270,1,0C201000,00D2000000000000
CAN,920457283,1,0C201000,00D5000000000000
EGT,920458924,15.44
CAN,920459960,1,0C201000,00D6000000000000
CAN,920470500,1,0C201000,00D7000000000000
CAN,920474728,1,0C001000,013E000000000000
CAN,920481034,1,0C201000,00D7000000000000
CAN,920491603,1,0C201000,00D8000000000000
CAN,920502149,1,0C201000,00D9000000000000
CAN,920512695,1,0C201000,00DA000000000000
CAN,920523257,1,0C201000,00DC000000000000
CAN,920524743,1,0C001000,013E000000000000
CAN,920533816,1,0C201000,00DD000000000000
CAN,920537410,1,0C101000,0121000000000000
CAN,920544360,1,0C201000,00DE000000000000
CAN,920595270,1,0C201000,00DF000000000000
CAN,920595283,1,0C201000,00DF000000000000
CAN,920595296,1,0C001000,013E000000000000
CAN,920595309,1,0C201000,00E1000000000000
EGT,920596949,15.44
CAN,920597152,1,0C201000,00E2000000000000
CAN,920607690,1,0C201000,00E2000000000000
CAN,920618236,1,0C201000,00E4000000000000
CAN,920624749,1,0C001000,013E000000000000
CAN,920628794,1,0C201000,00E3000000000000
CAN,920638919,1,0C101000,0126000000000000
CAN,920639339,1,0C201000,00E5000000000000
CAN,920649877,1,0C201000,00E6000000000000
CAN,920660446,1,0C201000,00E7000000000000
CAN,920670988,1,0C201000,00E7000000000000
CAN,920674735,1,0C001000,013F000000000000
CAN,920681539,1,0C201000,00E8000000000000
CAN,920733286,1,0C201000,00E9000000000000
CAN,920733299,1,0C201000,00E9000000000000
CAN,920733312,1,0C201000,00EA000000000000
CAN,920733325,1,0C001000,013F000000000000
EGT,920734965,15.44
CAN,920734980,1,0C201000,00EB000000000000
CAN,920740395,1,0C101000,0122000000000000
CAN,920744850,1,0C201000,00EC000000000000
CAN,920755390,1,0C201000,00EC000000000000
CAN,920765938,1,0C201000,00EE000000000000
CAN,920774747,1,0C001000,013E000000000000
CAN,920776486,1,0C201000,00EF000000000000
CAN,920787046,1,0C201000,00EF000000000000
CAN,920797614,1,0C201000,00EF000000000000
CAN,920808162,1,0C201000,00F1000000000000
CAN,920818709,1,0C201000,00F1000000000000
CAN,920871307,1,0C001000,013F000000000000
CAN,920871320,1,0C201000,00F2000000000000
CAN,920871333,1,0C201000,00F3000000000000
CAN,920871345,1,0C201000,00F4000000000000
EGT,920872991,15.44
CAN,920874759,1,0C001000,013F000000000000
CAN,920882034,1,0C201000,00F5000000000000
CAN,920892578,1,0C201000,00F5000000000000
CAN,920903147,1,0C201000,00F6000000000000
CAN,920913693,1,0C201000,00F6000000000000
CAN,920924234,1,0C201000,00F7000000000000
CAN,920924769,1,0C001000,013E000000000000
CAN,920934789,1,0C201000,00F8000000000000
CAN,920943350,1,0C101000,0122000000000000
CAN,920945345,1,0C201000,00F8000000000000
CAN,920955906,1,0C201000,00F9000000000000